<?xml version="1.0" encoding="UTF-8"?>
<!-- Generated by org.testng.reporters.JUnitXMLReporter -->
<testsuite ignored="0" hostname="DESKTOP-SDLN166" failures="3" tests="12" name="Test" time="530.394" errors="0" timestamp="2022-05-08T13:34:36 IST">
  <testcase classname="com.atipage.qa.tests.Test1" name="getLogoTest" time="2.527">
    <failure type="java.lang.AssertionError" message="expected [Practice Page] but found [https://rahulshettyacademy.com/AutomationPractice/]">
      <![CDATA[java.lang.AssertionError: expected [Practice Page] but found [https://rahulshettyacademy.com/AutomationPractice/]
at com.atipage.qa.tests.Test1.getLogoTest(Test1.java:52)
at java.base/java.util.ArrayList.forEach(ArrayList.java:1511)
... Removed 33 stack frames]]>
    </failure>
  </testcase> <!-- getLogoTest -->
  <testcase classname="com.atipage.qa.tests.Test1" name="firstRowTest" time="3.54"/>
  <testcase classname="com.atipage.qa.tests.Test1" name="switchWindowTest" time="23.958"/>
  <testcase classname="com.atipage.qa.tests.Test1" name="switchToNewTabTest" time="31.742"/>
  <testcase classname="com.atipage.qa.tests.Test1" name="alertHandleTest" time="10.862">
    <failure type="org.openqa.selenium.NoAlertPresentException" message="no such alert
  (Session info: chrome=100.0.4896.127)
Build info: version: &amp;apos;4.1.4&amp;apos;, revision: &amp;apos;535d840ee2&amp;apos;
System info: host: &amp;apos;DESKTOP-SDLN166&amp;apos;, ip: &amp;apos;192.168.56.1&amp;apos;, os.name: &amp;apos;Windows 10&amp;apos;, os.arch: &amp;apos;amd64&amp;apos;, os.version: &amp;apos;10.0&amp;apos;, java.version: &amp;apos;16.0.2&amp;apos;
Driver info: org.openqa.selenium.chrome.ChromeDriver
Command: [085ad4f2ac5f8627f197357e5ed3d427, getAlertText {}]
Capabilities {acceptInsecureCerts: false, browserName: chrome, browserVersion: 100.0.4896.127, chrome: {chromedriverVersion: 100.0.4896.60 (6a5d10861ce8..., userDataDir: C:\Users\Admin\AppData\Loca...}, goog:chromeOptions: {debuggerAddress: localhost:55852}, javascriptEnabled: true, networkConnectionEnabled: false, pageLoadStrategy: normal, platform: WINDOWS, platformName: WINDOWS, proxy: Proxy(), se:cdp: ws://localhost:55852/devtoo..., se:cdpVersion: 100.0.4896.127, setWindowRect: true, strictFileInteractability: false, timeouts: {implicit: 0, pageLoad: 300000, script: 30000}, unhandledPromptBehavior: dismiss and notify, webauthn:extension:credBlob: true, webauthn:extension:largeBlob: true, webauthn:virtualAuthenticators: true}
Session ID: 085ad4f2ac5f8627f197357e5ed3d427">
      <![CDATA[org.openqa.selenium.NoAlertPresentException: no such alert
  (Session info: chrome=100.0.4896.127)
Build info: version: '4.1.4', revision: '535d840ee2'
System info: host: 'DESKTOP-SDLN166', ip: '192.168.56.1', os.name: 'Windows 10', os.arch: 'amd64', os.version: '10.0', java.version: '16.0.2'
Driver info: org.openqa.selenium.chrome.ChromeDriver
Command: [085ad4f2ac5f8627f197357e5ed3d427, getAlertText {}]
Capabilities {acceptInsecureCerts: false, browserName: chrome, browserVersion: 100.0.4896.127, chrome: {chromedriverVersion: 100.0.4896.60 (6a5d10861ce8..., userDataDir: C:\Users\Admin\AppData\Loca...}, goog:chromeOptions: {debuggerAddress: localhost:55852}, javascriptEnabled: true, networkConnectionEnabled: false, pageLoadStrategy: normal, platform: WINDOWS, platformName: WINDOWS, proxy: Proxy(), se:cdp: ws://localhost:55852/devtoo..., se:cdpVersion: 100.0.4896.127, setWindowRect: true, strictFileInteractability: false, timeouts: {implicit: 0, pageLoad: 300000, script: 30000}, unhandledPromptBehavior: dismiss and notify, webauthn:extension:credBlob: true, webauthn:extension:largeBlob: true, webauthn:virtualAuthenticators: true}
Session ID: 085ad4f2ac5f8627f197357e5ed3d427
at org.openqa.selenium.remote.codec.w3c.W3CHttpResponseCodec.createException(W3CHttpResponseCodec.java:200)
at org.openqa.selenium.remote.codec.w3c.W3CHttpResponseCodec.decode(W3CHttpResponseCodec.java:133)
at org.openqa.selenium.remote.codec.w3c.W3CHttpResponseCodec.decode(W3CHttpResponseCodec.java:53)
at org.openqa.selenium.remote.HttpCommandExecutor.execute(HttpCommandExecutor.java:184)
at org.openqa.selenium.remote.service.DriverCommandExecutor.invokeExecute(DriverCommandExecutor.java:167)
at org.openqa.selenium.remote.service.DriverCommandExecutor.execute(DriverCommandExecutor.java:142)
at org.openqa.selenium.remote.RemoteWebDriver.execute(RemoteWebDriver.java:567)
at org.openqa.selenium.remote.RemoteWebDriver.execute(RemoteWebDriver.java:622)
at org.openqa.selenium.remote.RemoteWebDriver.execute(RemoteWebDriver.java:626)
at org.openqa.selenium.remote.RemoteWebDriver$RemoteTargetLocator.alert(RemoteWebDriver.java:1119)
at actions.Action.switchToAlert(Action.java:153)
at pageObjects.HomePage.alert(HomePage.java:173)
at com.atipage.qa.tests.Test1.alertHandleTest(Test1.java:95)
at java.base/java.util.ArrayList.forEach(ArrayList.java:1511)
... Removed 32 stack frames]]>
    </failure>
  </testcase> <!-- alertHandleTest -->
  <testcase classname="com.atipage.qa.tests.Test1" name="getWebTableTextTest" time="1.763"/>
  <testcase classname="com.atipage.qa.tests.Test1" name="displayBoxTest" time="2.049"/>
  <testcase classname="com.atipage.qa.tests.Test1" name="dynamicIndexingOfamountWebTableTest" time="2.482"/>
  <testcase classname="com.atipage.qa.tests.Test1" name="mouseHoverTest" time="3.259"/>
  <testcase classname="com.atipage.qa.tests.Test1" name="switchToFrameTest" time="1.296"/>
  <testcase classname="com.atipage.qa.tests.Test1" name="invokeLinkTest" time="9.776"/>
  <testcase classname="com.atipage.qa.tests.Test1" name="brokenLinkTest" time="22.385">
    <failure type="java.lang.AssertionError" message="The following asserts failed:
	The broken link is: Broken Link with status code: 404 expected [true] but found [false]">
      <![CDATA[java.lang.AssertionError: The following asserts failed:
The broken link is: Broken Link with status code: 404 expected [true] but found [false]
at actions.Action.brokenLink(Action.java:339)
at pageObjects.HomePage.brokenLink(HomePage.java:227)
at com.atipage.qa.tests.Test1.brokenLinkTest(Test1.java:151)
at java.base/java.util.ArrayList.forEach(ArrayList.java:1511)
... Removed 29 stack frames]]>
    </failure>
  </testcase> <!-- brokenLinkTest -->
</testsuite> <!-- Test -->
